#
# There is insufficient memory for the Java Runtime Environment to continue.
# Native memory allocation (malloc) failed to allocate 1196016 bytes for Chunk::new
# Possible reasons:
#   The system is out of physical RAM or swap space
#   The process is running with CompressedOops enabled, and the Java Heap may be blocking the growth of the native heap
# Possible solutions:
#   Reduce memory load on the system
#   Increase physical memory or swap space
#   Check if swap backing store is full
#   Decrease Java heap size (-Xmx/-Xms)
#   Decrease number of Java threads
#   Decrease Java thread stack sizes (-Xss)
#   Set larger code cache with -XX:ReservedCodeCacheSize=
#   JVM is running with Unscaled Compressed Oops mode in which the Java heap is
#     placed in the first 4GB address space. The Java Heap base address is the
#     maximum limit for the native heap growth. Please use -XX:HeapBaseMinAddress
#     to set the Java Heap base and to place the Java Heap above 4GB virtual address.
# This output file may be truncated or incomplete.
#
#  Out of Memory Error (allocation.cpp:389), pid=26668, tid=0x0000000000004d18
#
# JRE version: Java(TM) SE Runtime Environment (8.0_211-b12) (build 1.8.0_211-b12)
# Java VM: Java HotSpot(TM) 64-Bit Server VM (25.211-b12 mixed mode windows-amd64 compressed oops)
# Failed to write core dump. Minidumps are not enabled by default on client versions of Windows
#

---------------  T H R E A D  ---------------

Current thread (0x000000001a0a7000):  JavaThread "C2 CompilerThread1" daemon [_thread_in_native, id=19736, stack(0x000000001ab20000,0x000000001ac20000)]

Stack: [0x000000001ab20000,0x000000001ac20000]
[error occurred during error reporting (printing stack bounds), id 0xc0000005]

Native frames: (J=compiled Java code, j=interpreted, Vv=VM code, C=native code)


Current CompileTask:
C2:   2294 1387 %     4       java.io.WinNTFileSystem::normalize @ 22 (143 bytes)


---------------  P R O C E S S  ---------------

Java Threads: ( => current thread )
  0x000000001c61f000 JavaThread "background-preinit" [_thread_in_native, id=17812, stack(0x000000001e060000,0x000000001e160000)]
  0x000000001a145000 JavaThread "Service Thread" daemon [_thread_blocked, id=40616, stack(0x000000001ae20000,0x000000001af20000)]
  0x000000001a0b5000 JavaThread "C1 CompilerThread3" daemon [_thread_blocked, id=30388, stack(0x000000001ad20000,0x000000001ae20000)]
  0x000000001a0a8800 JavaThread "C2 CompilerThread2" daemon [_thread_in_vm, id=29060, stack(0x000000001ac20000,0x000000001ad20000)]
=>0x000000001a0a7000 JavaThread "C2 CompilerThread1" daemon [_thread_in_native, id=19736, stack(0x000000001ab20000,0x000000001ac20000)]
  0x000000001a09e800 JavaThread "C2 CompilerThread0" daemon [_thread_blocked, id=29688, stack(0x000000001aa20000,0x000000001ab20000)]
  0x000000001a09d000 JavaThread "Monitor Ctrl-Break" daemon [_thread_in_native, id=34200, stack(0x000000001a920000,0x000000001aa20000)]
  0x000000001a040800 JavaThread "Attach Listener" daemon [_thread_blocked, id=12796, stack(0x000000001a820000,0x000000001a920000)]
  0x000000001a03f800 JavaThread "Signal Dispatcher" daemon [_thread_blocked, id=10572, stack(0x000000001a720000,0x000000001a820000)]
  0x0000000018239800 JavaThread "Finalizer" daemon [_thread_blocked, id=36028, stack(0x000000001a500000,0x000000001a600000)]
  0x000000001a020800 JavaThread "Reference Handler" daemon [_thread_blocked, id=32372, stack(0x000000001a400000,0x000000001a500000)]
  0x0000000002f1a800 JavaThread "main" [_thread_in_Java, id=36920, stack(0x0000000002f20000,0x0000000003020000)]

Other Threads:
  0x000000001822c000 VMThread [stack: 0x0000000019f00000,0x000000001a000000] [id=9496]
  0x000000001a1c6800 WatcherThread [stack: 0x000000001b090000,0x000000001b190000] [id=33000]

VM state:not at safepoint (normal execution)

VM Mutex/Monitor currently owned by a thread: None

heap address: 0x0000000082200000, size: 2014 MB, Compressed Oops mode: 32-bit
Narrow klass base: 0x0000000000000000, Narrow klass shift: 3
Compressed class space size: 1073741824 Address: 0x0000000100000000

Heap:
 PSYoungGen      total 37888K, used 23620K [0x00000000d6100000, 0x00000000dab00000, 0x0000000100000000)
  eden space 32768K, 56% used [0x00000000d6100000,0x00000000d731ce40,0x00000000d8100000)
  from space 5120K, 99% used [0x00000000d8600000,0x00000000d8af43a0,0x00000000d8b00000)
  to   space 5120K, 0% used [0x00000000d8100000,0x00000000d8100000,0x00000000d8600000)
 ParOldGen       total 86016K, used 48K [0x0000000082200000, 0x0000000087600000, 0x00000000d6100000)
  object space 86016K, 0% used [0x0000000082200000,0x000000008220c000,0x0000000087600000)
 Metaspace       used 15175K, capacity 16288K, committed 16640K, reserved 1062912K
  class space    used 1954K, capacity 2186K, committed 2304K, reserved 1048576K

Card table byte_map: [0x00000000126d0000,0x0000000012ac0000] byte_map_base: 0x00000000122bf000

Marking Bits: (ParMarkBitMap*) 0x0000000065a55ce0
 Begin Bits: [0x0000000013560000, 0x00000000154d8000)
 End Bits:   [0x00000000154d8000, 0x0000000017450000)

Polling page: 0x0000000001520000

CodeCache: size=245760Kb used=5052Kb max_used=5059Kb free=240707Kb
 bounds [0x0000000003310000, 0x0000000003810000, 0x0000000012310000]
 total_blobs=1821 nmethods=1470 adapters=263
 compilation: enabled

Compilation events (10 events):
Event: 2.280 Thread 0x000000001a0b5000 nmethod 1465 0x00000000037fd650 code [0x00000000037fd7e0, 0x00000000037fdc68]
Event: 2.280 Thread 0x000000001a0b5000 1466       3       org.springframework.core.ResolvableType::asVariableResolver (18 bytes)
Event: 2.280 Thread 0x000000001a0b5000 nmethod 1466 0x00000000037fde50 code [0x00000000037fdfc0, 0x00000000037fe290]
Event: 2.280 Thread 0x000000001a0b5000 1467       3       java.lang.Class::getGenericInfo (52 bytes)
Event: 2.282 Thread 0x000000001a0b5000 nmethod 1467 0x00000000037fe390 code [0x00000000037fe5e0, 0x00000000037ff2c8]
Event: 2.282 Thread 0x000000001a0b5000 1469       3       java.util.LinkedList::linkFirst (59 bytes)
Event: 2.282 Thread 0x000000001a09e800 nmethod 1462 0x0000000003802e50 code [0x0000000003802fc0, 0x0000000003803408]
Event: 2.282 Thread 0x000000001a0b5000 nmethod 1469 0x0000000003802850 code [0x00000000038029c0, 0x0000000003802d10]
Event: 2.290 Thread 0x000000001a0b5000 1471       3       java.lang.Class::cast (27 bytes)
Event: 2.290 Thread 0x000000001a0b5000 nmethod 1471 0x0000000003802250 code [0x00000000038023e0, 0x0000000003802758]

GC Heap History (8 events):
Event: 0.830 GC heap before
{Heap before GC invocations=1 (full 0):
 PSYoungGen      total 37888K, used 32768K [0x00000000d6100000, 0x00000000d8b00000, 0x0000000100000000)
  eden space 32768K, 100% used [0x00000000d6100000,0x00000000d8100000,0x00000000d8100000)
  from space 5120K, 0% used [0x00000000d8600000,0x00000000d8600000,0x00000000d8b00000)
  to   space 5120K, 0% used [0x00000000d8100000,0x00000000d8100000,0x00000000d8600000)
 ParOldGen       total 86016K, used 0K [0x0000000082200000, 0x0000000087600000, 0x00000000d6100000)
  object space 86016K, 0% used [0x0000000082200000,0x0000000082200000,0x0000000087600000)
 Metaspace       used 6978K, capacity 7326K, committed 7424K, reserved 1056768K
  class space    used 857K, capacity 949K, committed 1024K, reserved 1048576K
Event: 0.833 GC heap after
Heap after GC invocations=1 (full 0):
 PSYoungGen      total 37888K, used 3343K [0x00000000d6100000, 0x00000000d8b00000, 0x0000000100000000)
  eden space 32768K, 0% used [0x00000000d6100000,0x00000000d6100000,0x00000000d8100000)
  from space 5120K, 65% used [0x00000000d8100000,0x00000000d8443de0,0x00000000d8600000)
  to   space 5120K, 0% used [0x00000000d8600000,0x00000000d8600000,0x00000000d8b00000)
 ParOldGen       total 86016K, used 16K [0x0000000082200000, 0x0000000087600000, 0x00000000d6100000)
  object space 86016K, 0% used [0x0000000082200000,0x0000000082204000,0x0000000087600000)
 Metaspace       used 6978K, capacity 7326K, committed 7424K, reserved 1056768K
  class space    used 857K, capacity 949K, committed 1024K, reserved 1048576K
}
Event: 1.165 GC heap before
{Heap before GC invocations=2 (full 0):
 PSYoungGen      total 37888K, used 36111K [0x00000000d6100000, 0x00000000d8b00000, 0x0000000100000000)
  eden space 32768K, 100% used [0x00000000d6100000,0x00000000d8100000,0x00000000d8100000)
  from space 5120K, 65% used [0x00000000d8100000,0x00000000d8443de0,0x00000000d8600000)
  to   space 5120K, 0% used [0x00000000d8600000,0x00000000d8600000,0x00000000d8b00000)
 ParOldGen       total 86016K, used 16K [0x0000000082200000, 0x0000000087600000, 0x00000000d6100000)
  object space 86016K, 0% used [0x0000000082200000,0x0000000082204000,0x0000000087600000)
 Metaspace       used 10024K, capacity 10918K, committed 11008K, reserved 1058816K
  class space    used 1287K, capacity 1481K, committed 1536K, reserved 1048576K
Event: 1.169 GC heap after
Heap after GC invocations=2 (full 0):
 PSYoungGen      total 37888K, used 3955K [0x00000000d6100000, 0x00000000d8b00000, 0x0000000100000000)
  eden space 32768K, 0% used [0x00000000d6100000,0x00000000d6100000,0x00000000d8100000)
  from space 5120K, 77% used [0x00000000d8600000,0x00000000d89dcff8,0x00000000d8b00000)
  to   space 5120K, 0% used [0x00000000d8100000,0x00000000d8100000,0x00000000d8600000)
 ParOldGen       total 86016K, used 32K [0x0000000082200000, 0x0000000087600000, 0x00000000d6100000)
  object space 86016K, 0% used [0x0000000082200000,0x0000000082208000,0x0000000087600000)
 Metaspace       used 10024K, capacity 10918K, committed 11008K, reserved 1058816K
  class space    used 1287K, capacity 1481K, committed 1536K, reserved 1048576K
}
Event: 1.554 GC heap before
{Heap before GC invocations=3 (full 0):
 PSYoungGen      total 37888K, used 36723K [0x00000000d6100000, 0x00000000d8b00000, 0x0000000100000000)
  eden space 32768K, 100% used [0x00000000d6100000,0x00000000d8100000,0x00000000d8100000)
  from space 5120K, 77% used [0x00000000d8600000,0x00000000d89dcff8,0x00000000d8b00000)
  to   space 5120K, 0% used [0x00000000d8100000,0x00000000d8100000,0x00000000d8600000)
 ParOldGen       total 86016K, used 32K [0x0000000082200000, 0x0000000087600000, 0x00000000d6100000)
  object space 86016K, 0% used [0x0000000082200000,0x0000000082208000,0x0000000087600000)
 Metaspace       used 11884K, capacity 12886K, committed 13056K, reserved 1060864K
  class space    used 1513K, capacity 1719K, committed 1792K, reserved 1048576K
Event: 1.560 GC heap after
Heap after GC invocations=3 (full 0):
 PSYoungGen      total 37888K, used 4621K [0x00000000d6100000, 0x00000000d8b00000, 0x0000000100000000)
  eden space 32768K, 0% used [0x00000000d6100000,0x00000000d6100000,0x00000000d8100000)
  from space 5120K, 90% used [0x00000000d8100000,0x00000000d85837d0,0x00000000d8600000)
  to   space 5120K, 0% used [0x00000000d8600000,0x00000000d8600000,0x00000000d8b00000)
 ParOldGen       total 86016K, used 40K [0x0000000082200000, 0x0000000087600000, 0x00000000d6100000)
  object space 86016K, 0% used [0x0000000082200000,0x000000008220a000,0x0000000087600000)
 Metaspace       used 11884K, capacity 12886K, committed 13056K, reserved 1060864K
  class space    used 1513K, capacity 1719K, committed 1792K, reserved 1048576K
}
Event: 1.964 GC heap before
{Heap before GC invocations=4 (full 0):
 PSYoungGen      total 37888K, used 37389K [0x00000000d6100000, 0x00000000d8b00000, 0x0000000100000000)
  eden space 32768K, 100% used [0x00000000d6100000,0x00000000d8100000,0x00000000d8100000)
  from space 5120K, 90% used [0x00000000d8100000,0x00000000d85837d0,0x00000000d8600000)
  to   space 5120K, 0% used [0x00000000d8600000,0x00000000d8600000,0x00000000d8b00000)
 ParOldGen       total 86016K, used 40K [0x0000000082200000, 0x0000000087600000, 0x00000000d6100000)
  object space 86016K, 0% used [0x0000000082200000,0x000000008220a000,0x0000000087600000)
 Metaspace       used 14080K, capacity 15084K, committed 15360K, reserved 1062912K
  class space    used 1784K, capacity 1994K, committed 2048K, reserved 1048576K
Event: 1.971 GC heap after
Heap after GC invocations=4 (full 0):
 PSYoungGen      total 37888K, used 5072K [0x00000000d6100000, 0x00000000dab00000, 0x0000000100000000)
  eden space 32768K, 0% used [0x00000000d6100000,0x00000000d6100000,0x00000000d8100000)
  from space 5120K, 99% used [0x00000000d8600000,0x00000000d8af43a0,0x00000000d8b00000)
  to   space 5120K, 0% used [0x00000000d8100000,0x00000000d8100000,0x00000000d8600000)
 ParOldGen       total 86016K, used 48K [0x0000000082200000, 0x0000000087600000, 0x00000000d6100000)
  object space 86016K, 0% used [0x0000000082200000,0x000000008220c000,0x0000000087600000)
 Metaspace       used 14080K, capacity 15084K, committed 15360K, reserved 1062912K
  class space    used 1784K, capacity 1994K, committed 2048K, reserved 1048576K
}

Deoptimization events (10 events):
Event: 1.217 Thread 0x0000000002f1a800 Uncommon trap: reason=class_check action=maybe_recompile pc=0x000000000353fe14 method=java.lang.String.equals(Ljava/lang/Object;)Z @ 8
Event: 1.241 Thread 0x0000000002f1a800 Uncommon trap: reason=class_check action=maybe_recompile pc=0x000000000353fe14 method=java.lang.String.equals(Ljava/lang/Object;)Z @ 8
Event: 1.461 Thread 0x0000000002f1a800 Uncommon trap: reason=unstable_if action=reinterpret pc=0x00000000034d6e90 method=java.io.WinNTFileSystem.normalize(Ljava/lang/String;)Ljava/lang/String; @ 128
Event: 1.461 Thread 0x0000000002f1a800 Uncommon trap: reason=unstable_if action=reinterpret pc=0x00000000034badd8 method=java.io.WinNTFileSystem.normalize(Ljava/lang/String;II)Ljava/lang/String; @ 8
Event: 1.589 Thread 0x0000000002f1a800 Uncommon trap: reason=unstable_if action=reinterpret pc=0x00000000036c81ac method=java.util.HashMap.hash(Ljava/lang/Object;)I @ 1
Event: 1.613 Thread 0x0000000002f1a800 Uncommon trap: reason=unstable_if action=reinterpret pc=0x000000000348dc18 method=sun.nio.cs.UTF_8$Encoder.encode([CII[B)I @ 33
Event: 1.690 Thread 0x0000000002f1a800 Uncommon trap: reason=range_check action=make_not_entrant pc=0x00000000035d3760 method=sun.reflect.generics.parser.SignatureParser.current()C @ 34
Event: 1.889 Thread 0x0000000002f1a800 Uncommon trap: reason=unstable_if action=reinterpret pc=0x000000000371a724 method=jdk.internal.org.objectweb.asm.Item.isEqualTo(Ljdk/internal/org/objectweb/asm/Item;)Z @ 331
Event: 2.066 Thread 0x0000000002f1a800 Uncommon trap: reason=unstable_if action=reinterpret pc=0x0000000003438140 method=java.lang.CharacterData.of(I)Ljava/lang/CharacterData; @ 4
Event: 2.251 Thread 0x0000000002f1a800 Uncommon trap: reason=unstable_if action=reinterpret pc=0x00000000036c1544 method=java.util.HashMap.putVal(ILjava/lang/Object;Ljava/lang/Object;ZZ)Ljava/lang/Object; @ 236

Classes redefined (0 events):
No events

Internal exceptions (10 events):
Event: 1.145 Thread 0x0000000002f1a800 Exception <a 'java/lang/NoSuchMethodError': org.slf4j.impl.StaticMDCBinder.getSingleton()Lorg/slf4j/impl/StaticMDCBinder;> (0x00000000d7ec1198) thrown at [C:\re\workspace\8-2-build-windows-amd64-cygwin\jdk8u211\12973\hotspot\src\share\vm\interpreter\linkR
Event: 1.589 Thread 0x0000000002f1a800 Implicit null exception at 0x00000000036c7bbb to 0x00000000036c8191
Event: 1.655 Thread 0x0000000002f1a800 Exception <a 'java/lang/NoSuchMethodError': java.lang.Object.lambda$static$0(Ljava/lang/Object;)Ljava/lang/Object;> (0x00000000d65cd2f0) thrown at [C:\re\workspace\8-2-build-windows-amd64-cygwin\jdk8u211\12973\hotspot\src\share\vm\interpreter\linkResolver
Event: 1.690 Thread 0x0000000002f1a800 Exception <a 'java/lang/ArrayIndexOutOfBoundsException': 18> (0x00000000d682f1b8) thrown at [C:\re\workspace\8-2-build-windows-amd64-cygwin\jdk8u211\12973\hotspot\src\share\vm\interpreter\interpreterRuntime.cpp, line 368]
Event: 1.690 Thread 0x0000000002f1a800 Exception <a 'java/lang/ArrayIndexOutOfBoundsException': 182> (0x00000000d6831710) thrown at [C:\re\workspace\8-2-build-windows-amd64-cygwin\jdk8u211\12973\hotspot\src\share\vm\interpreter\interpreterRuntime.cpp, line 368]
Event: 1.690 Thread 0x0000000002f1a800 Exception <a 'java/lang/ArrayIndexOutOfBoundsException': 60> (0x00000000d6833b88) thrown at [C:\re\workspace\8-2-build-windows-amd64-cygwin\jdk8u211\12973\hotspot\src\share\vm\interpreter\interpreterRuntime.cpp, line 368]
Event: 1.703 Thread 0x0000000002f1a800 Exception <a 'java/lang/ArrayIndexOutOfBoundsException': 117> (0x00000000d6902670) thrown at [C:\re\workspace\8-2-build-windows-amd64-cygwin\jdk8u211\12973\hotspot\src\share\vm\interpreter\interpreterRuntime.cpp, line 368]
Event: 2.051 Thread 0x0000000002f1a800 Exception <a 'java/lang/IncompatibleClassChangeError': Found class java.lang.Object, but interface was expected> (0x00000000d66d1610) thrown at [C:\re\workspace\8-2-build-windows-amd64-cygwin\jdk8u211\12973\hotspot\src\share\vm\interpreter\linkResolver.cp
Event: 2.076 Thread 0x0000000002f1a800 Exception <a 'java/lang/IncompatibleClassChangeError': Found class java.lang.Object, but interface was expected> (0x00000000d6822480) thrown at [C:\re\workspace\8-2-build-windows-amd64-cygwin\jdk8u211\12973\hotspot\src\share\vm\interpreter\linkResolver.cp
Event: 2.285 Thread 0x0000000002f1a800 Exception <a 'java/lang/NoSuchMethodError': java.lang.Object.lambda$chars$0()Ljava/util/Spliterator$OfInt;> (0x00000000d71994a8) thrown at [C:\re\workspace\8-2-build-windows-amd64-cygwin\jdk8u211\12973\hotspot\src\share\vm\interpreter\linkResolver.cpp, li

Events (10 events):
Event: 2.291 loading class java/util/PrimitiveIterator done
Event: 2.291 loading class java/util/PrimitiveIterator$OfInt done
Event: 2.291 loading class java/lang/CharSequence$1CharIterator done
Event: 2.291 loading class java/util/Spliterators$IntIteratorSpliterator
Event: 2.292 loading class java/util/Spliterators$IntIteratorSpliterator done
Event: 2.292 loading class java/util/stream/MatchOps$2MatchSink
Event: 2.292 loading class java/util/stream/Sink$OfInt
Event: 2.292 loading class org/hibernate/validator/HibernateValidator
Event: 2.292 loading class org/hibernate/validator/HibernateValidator done
Event: 2.292 loading class java/util/function/IntConsumer


Dynamic libraries:
0x00007ff7d7030000 - 0x00007ff7d7067000 	C:\Program Files\Java\jdk1.8.0_211\bin\java.exe
0x00007ff8b71f0000 - 0x00007ff8b73dd000 	C:\WINDOWS\SYSTEM32\ntdll.dll
0x00007ff8adff0000 - 0x00007ff8ae004000 	C:\Program Files\AVAST Software\Avast\aswhook.dll
0x00007ff8b6700000 - 0x00007ff8b67b3000 	C:\WINDOWS\System32\KERNEL32.DLL
0x00007ff8b35c0000 - 0x00007ff8b3853000 	C:\WINDOWS\System32\KERNELBASE.dll
0x00007ff8b7110000 - 0x00007ff8b71b3000 	C:\WINDOWS\System32\ADVAPI32.dll
0x00007ff8b7070000 - 0x00007ff8b710e000 	C:\WINDOWS\System32\msvcrt.dll
0x00007ff8b6550000 - 0x00007ff8b65ee000 	C:\WINDOWS\System32\sechost.dll
0x00007ff8b6820000 - 0x00007ff8b6942000 	C:\WINDOWS\System32\RPCRT4.dll
0x00007ff8b6ec0000 - 0x00007ff8b7057000 	C:\WINDOWS\System32\USER32.dll
0x00007ff8b3500000 - 0x00007ff8b3520000 	C:\WINDOWS\System32\win32u.dll
0x00007ff8b62e0000 - 0x00007ff8b6309000 	C:\WINDOWS\System32\GDI32.dll
0x00007ff8b3360000 - 0x00007ff8b34f9000 	C:\WINDOWS\System32\gdi32full.dll
0x00007ff8b3520000 - 0x00007ff8b35c0000 	C:\WINDOWS\System32\msvcp_win.dll
0x00007ff8b38c0000 - 0x00007ff8b39ba000 	C:\WINDOWS\System32\ucrtbase.dll
0x00007ff8a1210000 - 0x00007ff8a1489000 	C:\WINDOWS\WinSxS\amd64_microsoft.windows.common-controls_6595b64144ccf1df_6.0.17763.914_none_05b346b2072102f2\COMCTL32.dll
0x00007ff8b4490000 - 0x00007ff8b47bc000 	C:\WINDOWS\System32\combase.dll
0x00007ff8b4310000 - 0x00007ff8b438e000 	C:\WINDOWS\System32\bcryptPrimitives.dll
0x00007ff8b6960000 - 0x00007ff8b698e000 	C:\WINDOWS\System32\IMM32.DLL
0x0000000065ae0000 - 0x0000000065bb2000 	C:\Program Files\Java\jdk1.8.0_211\jre\bin\msvcr100.dll
0x0000000065230000 - 0x0000000065ad5000 	C:\Program Files\Java\jdk1.8.0_211\jre\bin\server\jvm.dll
0x00007ff8b6110000 - 0x00007ff8b6118000 	C:\WINDOWS\System32\PSAPI.DLL
0x00007ff89f930000 - 0x00007ff89f939000 	C:\WINDOWS\SYSTEM32\WSOCK32.dll
0x00007ff8b6440000 - 0x00007ff8b64ad000 	C:\WINDOWS\System32\WS2_32.dll
0x00007ff8adf20000 - 0x00007ff8adf44000 	C:\WINDOWS\SYSTEM32\WINMM.dll
0x00007ff8ae100000 - 0x00007ff8ae10a000 	C:\WINDOWS\SYSTEM32\VERSION.dll
0x00007ff8add80000 - 0x00007ff8addad000 	C:\WINDOWS\SYSTEM32\WINMMBASE.dll
0x00007ff8b43c0000 - 0x00007ff8b440a000 	C:\WINDOWS\System32\cfgmgr32.dll
0x00007ff8ac820000 - 0x00007ff8ac82f000 	C:\Program Files\Java\jdk1.8.0_211\jre\bin\verify.dll
0x00007ff8aa390000 - 0x00007ff8aa3b9000 	C:\Program Files\Java\jdk1.8.0_211\jre\bin\java.dll
0x00007ff8a9ee0000 - 0x00007ff8a9f03000 	C:\Program Files\Java\jdk1.8.0_211\jre\bin\instrument.dll
0x00007ff8aa370000 - 0x00007ff8aa386000 	C:\Program Files\Java\jdk1.8.0_211\jre\bin\zip.dll
0x00007ff8b47c0000 - 0x00007ff8b5cb4000 	C:\WINDOWS\System32\SHELL32.dll
0x00007ff8b6e10000 - 0x00007ff8b6eb8000 	C:\WINDOWS\System32\shcore.dll
0x00007ff8b39c0000 - 0x00007ff8b410d000 	C:\WINDOWS\System32\windows.storage.dll
0x00007ff8b31e0000 - 0x00007ff8b3204000 	C:\WINDOWS\System32\profapi.dll
0x00007ff8b3210000 - 0x00007ff8b326d000 	C:\WINDOWS\System32\powrprof.dll
0x00007ff8b6280000 - 0x00007ff8b62d2000 	C:\WINDOWS\System32\shlwapi.dll
0x00007ff8b3290000 - 0x00007ff8b32a1000 	C:\WINDOWS\System32\kernel.appcore.dll
0x00007ff8b4110000 - 0x00007ff8b4127000 	C:\WINDOWS\System32\cryptsp.dll
0x00007ff8aa310000 - 0x00007ff8aa32a000 	C:\Program Files\JetBrains\IntelliJ IDEA 2018.2.5\bin\breakgen64.dll
0x00007ff8aa2d0000 - 0x00007ff8aa2ea000 	C:\Program Files\Java\jdk1.8.0_211\jre\bin\net.dll
0x00007ff8a3940000 - 0x00007ff8a3b17000 	C:\WINDOWS\SYSTEM32\urlmon.dll
0x00007ff8a14e0000 - 0x00007ff8a1788000 	C:\WINDOWS\SYSTEM32\iertutil.dll
0x00007ff8b2bc0000 - 0x00007ff8b2bcc000 	C:\WINDOWS\SYSTEM32\CRYPTBASE.DLL
0x00007ff8b29f0000 - 0x00007ff8b2a57000 	C:\WINDOWS\system32\mswsock.dll
0x00007ff8aa060000 - 0x00007ff8aa072000 	C:\Program Files\Java\jdk1.8.0_211\jre\bin\nio.dll

VM Arguments:
jvm_args: -ea -Didea.test.cyclic.buffer.size=1048576 -javaagent:C:\Program Files\JetBrains\IntelliJ IDEA 2018.2.5\lib\idea_rt.jar=52926:C:\Program Files\JetBrains\IntelliJ IDEA 2018.2.5\bin -Dfile.encoding=UTF-8 
java_command: com.intellij.rt.execution.junit.JUnitStarter -ideVersion5 -junit4 sn.codeart.msa.service.TestSuite
java_class_path (initial): C:\Program Files\JetBrains\IntelliJ IDEA 2018.2.5\lib\idea_rt.jar;C:\Program Files\JetBrains\IntelliJ IDEA 2018.2.5\plugins\junit\lib\junit-rt.jar;C:\Program Files\JetBrains\IntelliJ IDEA 2018.2.5\plugins\junit\lib\junit5-rt.jar;C:\Program Files\Java\jdk1.8.0_211\jre\lib\charsets.jar;C:\Program Files\Java\jdk1.8.0_211\jre\lib\deploy.jar;C:\Program Files\Java\jdk1.8.0_211\jre\lib\ext\access-bridge-64.jar;C:\Program Files\Java\jdk1.8.0_211\jre\lib\ext\cldrdata.jar;C:\Program Files\Java\jdk1.8.0_211\jre\lib\ext\dnsns.jar;C:\Program Files\Java\jdk1.8.0_211\jre\lib\ext\jaccess.jar;C:\Program Files\Java\jdk1.8.0_211\jre\lib\ext\jfxrt.jar;C:\Program Files\Java\jdk1.8.0_211\jre\lib\ext\localedata.jar;C:\Program Files\Java\jdk1.8.0_211\jre\lib\ext\nashorn.jar;C:\Program Files\Java\jdk1.8.0_211\jre\lib\ext\sunec.jar;C:\Program Files\Java\jdk1.8.0_211\jre\lib\ext\sunjce_provider.jar;C:\Program Files\Java\jdk1.8.0_211\jre\lib\ext\sunmscapi.jar;C:\Program Files\Java\jdk1.8.0_211\jre\lib\ext\sunpkcs11.jar;C:\Program Files\Java\jdk1.8.0_211\jre\lib\ext\zipfs.jar;C:\Program Files\Java\jdk1.8.0_211\jre\lib\javaws.jar;C:\Program Files\Java\jdk1.8.0_211\jre\lib\jce.jar;C:\Program Files\Java\jdk1.8.0_211\jre\lib\jfr.jar;C:\Program Files\Java\jdk1.8.0_211\jre\lib\jfxswt.jar;C:\Program Files\Java\jdk1.8.0_211\jre\lib\jsse.jar;C:\Program Files\Java\jdk1.8.0_211\jre\lib\management-agent.jar;C:\Program Files\Java\jdk1.8.0_211\jre\lib\plugin.jar;C:\Program Files\Java\jdk1.8.0_211\jre\lib\resources.jar;C:\Program Files\Java\jdk1.8.0_211\jre\lib\rt.jar;C:\Junior\Mes_Cours\Master2_Info\SOA_Urbanisation_des_SI\Mémoire\micro_service\workspace\microservice-pub-com\target\test-classes;C:\Junior\Mes_Cours\Master2_Info\SOA_Urbanisation_des_SI\Mémoire\micro_service\workspace\microservice-pub-com\target\classes;C:\Users\DELL\.m2\repository\org\projectlombok\lombok\1.18.10\lombok-1.18.10.jar;C:\Users\DELL\.m2\repository\org\springframework\boot\spring-boot-starter-actuator\2
Launcher Type: SUN_STANDARD

Environment Variables:
JAVA_HOME=C:\Program Files\Java\jdk1.8.0_211
PATH=C:\oracle\product\10.2.0\db_1\bin;C:\Program Files (x86)\Common Files\Oracle\Java\javapath;C:\WINDOWS\system32;C:\WINDOWS;C:\WINDOWS\System32\Wbem;C:\WINDOWS\System32\WindowsPowerShell\v1.0\;C:\WINDOWS\System32\OpenSSH\;C:\Program Files\dotnet\;C:\Program Files\Git\cmd;C:\Program Files\Git\mingw64\bin;C:\Program Files\Git\usr\bin;C:\Program Files\Microsoft SQL Server\130\Tools\Binn\;%MAVEN_HOME%\bin;C:\Program Files\Microsoft SQL Server\Client SDK\ODBC\110\Tools\Binn\;C:\Program Files (x86)\Microsoft SQL Server\120\Tools\Binn\ManagementStudio\;C:\Program Files (x86)\Microsoft SQL Server\120\Tools\Binn\;C:\Program Files\Microsoft SQL Server\120\Tools\Binn\;C:\Program Files (x86)\Microsoft SQL Server\120\DTS\Binn\;C:\Program Files\Microsoft SQL Server\120\DTS\Binn\;C:\Program Files\VisualSVN Server\bin;C:\composer;C:\Junior\Mes_Logiciels\wamp\php-7.3.10-Win32-VC15-x86;C:\Program Files\PuTTY\;C:\Program Files\nodejs\;C:\Users\DELL\AppData\Local\Programs\Python\Python35\Scripts\;C:\Users\DELL\AppData\Local\Programs\Python\Python35\;C:\Users\DELL\AppData\Local\Microsoft\WindowsApps;C:\Program Files\JetBrains\PyCharm 2018.3.5\bin;;C:\Junior\Intégration\apache-maven-3.6.1-bin\apache-maven-3.6.1\bin;;C:\Program Files\JetBrains\WebStorm 2018.3.1\bin;;C:\Users\DELL\AppData\Roaming\Composer\vendor\bin;C:\Users\DELL\AppData\Local\Programs\Microsoft VS Code\bin;C:\Users\DELL\AppData\Roaming\npm
USERNAME=DELL
OS=Windows_NT
PROCESSOR_IDENTIFIER=Intel64 Family 6 Model 142 Stepping 10, GenuineIntel



---------------  S Y S T E M  ---------------

OS: Windows 10.0 , 64 bit Build 17763 (10.0.17763.475)

CPU:total 8 (initial active 8) (4 cores per cpu, 2 threads per core) family 6 model 142 stepping 10, cmov, cx8, fxsr, mmx, sse, sse2, sse3, ssse3, sse4.1, sse4.2, popcnt, avx, avx2, aes, clmul, erms, rtm, 3dnowpref, lzcnt, ht, tsc, tscinvbit, bmi1, bmi2, adx

Memory: 4k page, physical 8246232k(491484k free), swap 33412056k(4168k free)

vm_info: Java HotSpot(TM) 64-Bit Server VM (25.211-b12) for windows-amd64 JRE (1.8.0_211-b12), built on Apr  1 2019 20:53:26 by "java_re" with MS VC++ 10.0 (VS2010)

time: Fri Jan 24 09:22:22 2020
timezone: Greenwich
elapsed time: 2 seconds (0d 0h 0m 2s)

