#
# There is insufficient memory for the Java Runtime Environment to continue.
# Native memory allocation (malloc) failed to allocate 147968 bytes for Chunk::new
# Possible reasons:
#   The system is out of physical RAM or swap space
#   The process is running with CompressedOops enabled, and the Java Heap may be blocking the growth of the native heap
# Possible solutions:
#   Reduce memory load on the system
#   Increase physical memory or swap space
#   Check if swap backing store is full
#   Decrease Java heap size (-Xmx/-Xms)
#   Decrease number of Java threads
#   Decrease Java thread stack sizes (-Xss)
#   Set larger code cache with -XX:ReservedCodeCacheSize=
#   JVM is running with Unscaled Compressed Oops mode in which the Java heap is
#     placed in the first 4GB address space. The Java Heap base address is the
#     maximum limit for the native heap growth. Please use -XX:HeapBaseMinAddress
#     to set the Java Heap base and to place the Java Heap above 4GB virtual address.
# This output file may be truncated or incomplete.
#
#  Out of Memory Error (allocation.cpp:389), pid=8424, tid=0x0000000000009c90
#
# JRE version: Java(TM) SE Runtime Environment (8.0_211-b12) (build 1.8.0_211-b12)
# Java VM: Java HotSpot(TM) 64-Bit Server VM (25.211-b12 mixed mode windows-amd64 compressed oops)
# Failed to write core dump. Minidumps are not enabled by default on client versions of Windows
#

---------------  T H R E A D  ---------------

Current thread (0x000000001a28d000):  JavaThread "C2 CompilerThread0" daemon [_thread_in_native, id=40080, stack(0x000000001a4b0000,0x000000001a5b0000)]

Stack: [0x000000001a4b0000,0x000000001a5b0000]
[error occurred during error reporting (printing stack bounds), id 0xc0000005]

Native frames: (J=compiled Java code, j=interpreted, Vv=VM code, C=native code)


Current CompileTask:
C2:    884   83       4       java.io.WinNTFileSystem::normalize (143 bytes)


---------------  P R O C E S S  ---------------

Java Threads: ( => current thread )
  0x000000001a3d6800 JavaThread "Service Thread" daemon [_thread_blocked, id=30268, stack(0x000000001a8b0000,0x000000001a9b0000)]
  0x000000001a392000 JavaThread "C1 CompilerThread3" daemon [_thread_blocked, id=3852, stack(0x000000001a7b0000,0x000000001a8b0000)]
  0x000000001a38f000 JavaThread "C2 CompilerThread2" daemon [_thread_in_native, id=17436, stack(0x000000001a6b0000,0x000000001a7b0000)]
  0x000000001a38a800 JavaThread "C2 CompilerThread1" daemon [_thread_blocked, id=38692, stack(0x000000001a5b0000,0x000000001a6b0000)]
=>0x000000001a28d000 JavaThread "C2 CompilerThread0" daemon [_thread_in_native, id=40080, stack(0x000000001a4b0000,0x000000001a5b0000)]
  0x00000000190f1800 JavaThread "JDWP Command Reader" daemon [_thread_in_native, id=9720, stack(0x0000000019bb0000,0x0000000019cb0000)]
  0x00000000190eb000 JavaThread "JDWP Event Helper Thread" daemon [_thread_blocked, id=10632, stack(0x0000000019ab0000,0x0000000019bb0000)]
  0x00000000190e0800 JavaThread "JDWP Transport Listener: dt_socket" daemon [_thread_blocked, id=41280, stack(0x00000000199b0000,0x0000000019ab0000)]
  0x00000000190d2800 JavaThread "Attach Listener" daemon [_thread_blocked, id=1408, stack(0x00000000198b0000,0x00000000199b0000)]
  0x00000000190d1000 JavaThread "Signal Dispatcher" daemon [_thread_blocked, id=10732, stack(0x00000000197b0000,0x00000000198b0000)]
  0x00000000172c9800 JavaThread "Finalizer" daemon [_thread_blocked, id=31228, stack(0x0000000019590000,0x0000000019690000)]
  0x00000000190b0800 JavaThread "Reference Handler" daemon [_thread_blocked, id=38760, stack(0x0000000019490000,0x0000000019590000)]
  0x000000000217b000 JavaThread "main" [_thread_in_Java, id=38836, stack(0x0000000002070000,0x0000000002170000)]

Other Threads:
  0x00000000172bb800 VMThread [stack: 0x0000000018f90000,0x0000000019090000] [id=21640]
  0x000000001a4ae000 WatcherThread [stack: 0x000000001baf0000,0x000000001bbf0000] [id=26776]

VM state:not at safepoint (normal execution)

VM Mutex/Monitor currently owned by a thread: None

heap address: 0x0000000082200000, size: 2014 MB, Compressed Oops mode: 32-bit
Narrow klass base: 0x0000000000000000, Narrow klass shift: 3
Compressed class space size: 1073741824 Address: 0x0000000100000000

Heap:
 PSYoungGen      total 37888K, used 10463K [0x00000000d6100000, 0x00000000d8b00000, 0x0000000100000000)
  eden space 32768K, 31% used [0x00000000d6100000,0x00000000d6b37c98,0x00000000d8100000)
  from space 5120K, 0% used [0x00000000d8600000,0x00000000d8600000,0x00000000d8b00000)
  to   space 5120K, 0% used [0x00000000d8100000,0x00000000d8100000,0x00000000d8600000)
 ParOldGen       total 86016K, used 0K [0x0000000082200000, 0x0000000087600000, 0x00000000d6100000)
  object space 86016K, 0% used [0x0000000082200000,0x0000000082200000,0x0000000087600000)
 Metaspace       used 3433K, capacity 4728K, committed 4864K, reserved 1056768K
  class space    used 367K, capacity 424K, committed 512K, reserved 1048576K

Card table byte_map: [0x0000000011730000,0x0000000011b20000] byte_map_base: 0x000000001131f000

Marking Bits: (ParMarkBitMap*) 0x0000000065a55ce0
 Begin Bits: [0x00000000125c0000, 0x0000000014538000)
 End Bits:   [0x0000000014538000, 0x00000000164b0000)

Polling page: 0x0000000000410000

CodeCache: size=245760Kb used=1348Kb max_used=1356Kb free=244411Kb
 bounds [0x0000000002370000, 0x00000000025e0000, 0x0000000011370000]
 total_blobs=372 nmethods=131 adapters=162
 compilation: enabled

Compilation events (10 events):
Event: 0.873 Thread 0x000000001a392000  126       3       java.util.concurrent.ConcurrentHashMap::spread (10 bytes)
Event: 0.873 Thread 0x000000001a392000 nmethod 126 0x00000000024c1a10 code [0x00000000024c1b60, 0x00000000024c1cb0]
Event: 0.874 Thread 0x000000001a392000  127       3       java.util.concurrent.ConcurrentHashMap$Node::<init> (26 bytes)
Event: 0.875 Thread 0x000000001a392000 nmethod 127 0x00000000024c1610 code [0x00000000024c1760, 0x00000000024c1950]
Event: 0.877 Thread 0x000000001a392000  128       3       java.util.zip.ZipEntry::getSize (5 bytes)
Event: 0.877 Thread 0x000000001a392000 nmethod 128 0x00000000024c1310 code [0x00000000024c1460, 0x00000000024c15b0]
Event: 0.877 Thread 0x000000001a392000  129       3       java.util.concurrent.ConcurrentHashMap::casTabAt (20 bytes)
Event: 0.877 Thread 0x000000001a392000 nmethod 129 0x00000000024c0fd0 code [0x00000000024c1120, 0x00000000024c1290]
Event: 0.877 Thread 0x000000001a392000  130       1       java.security.ProtectionDomain::getCodeSource (5 bytes)
Event: 0.878 Thread 0x000000001a392000 nmethod 130 0x00000000024c0d10 code [0x00000000024c0e60, 0x00000000024c0f70]

GC Heap History (0 events):
No events

Deoptimization events (0 events):
No events

Classes redefined (0 events):
No events

Internal exceptions (10 events):
Event: 0.543 Thread 0x000000000217b000 Exception <a 'java/security/PrivilegedActionException'> (0x00000000d63c45e8) thrown at [C:\re\workspace\8-2-build-windows-amd64-cygwin\jdk8u211\12973\hotspot\src\share\vm\prims\jvm.cpp, line 1502]
Event: 0.543 Thread 0x000000000217b000 Exception <a 'java/security/PrivilegedActionException'> (0x00000000d63c47f8) thrown at [C:\re\workspace\8-2-build-windows-amd64-cygwin\jdk8u211\12973\hotspot\src\share\vm\prims\jvm.cpp, line 1502]
Event: 0.543 Thread 0x000000000217b000 Exception <a 'java/security/PrivilegedActionException'> (0x00000000d63c59f0) thrown at [C:\re\workspace\8-2-build-windows-amd64-cygwin\jdk8u211\12973\hotspot\src\share\vm\prims\jvm.cpp, line 1502]
Event: 0.543 Thread 0x000000000217b000 Exception <a 'java/security/PrivilegedActionException'> (0x00000000d63c5c00) thrown at [C:\re\workspace\8-2-build-windows-amd64-cygwin\jdk8u211\12973\hotspot\src\share\vm\prims\jvm.cpp, line 1502]
Event: 0.543 Thread 0x000000000217b000 Exception <a 'java/security/PrivilegedActionException'> (0x00000000d63c6ea8) thrown at [C:\re\workspace\8-2-build-windows-amd64-cygwin\jdk8u211\12973\hotspot\src\share\vm\prims\jvm.cpp, line 1502]
Event: 0.543 Thread 0x000000000217b000 Exception <a 'java/security/PrivilegedActionException'> (0x00000000d63c70b8) thrown at [C:\re\workspace\8-2-build-windows-amd64-cygwin\jdk8u211\12973\hotspot\src\share\vm\prims\jvm.cpp, line 1502]
Event: 0.544 Thread 0x000000000217b000 Exception <a 'java/security/PrivilegedActionException'> (0x00000000d63c8470) thrown at [C:\re\workspace\8-2-build-windows-amd64-cygwin\jdk8u211\12973\hotspot\src\share\vm\prims\jvm.cpp, line 1502]
Event: 0.544 Thread 0x000000000217b000 Exception <a 'java/security/PrivilegedActionException'> (0x00000000d63c8680) thrown at [C:\re\workspace\8-2-build-windows-amd64-cygwin\jdk8u211\12973\hotspot\src\share\vm\prims\jvm.cpp, line 1502]
Event: 0.814 Thread 0x000000000217b000 Exception <a 'java/io/FileNotFoundException'> (0x00000000d690ac10) thrown at [C:\re\workspace\8-2-build-windows-amd64-cygwin\jdk8u211\12973\hotspot\src\share\vm\prims\jni.cpp, line 710]
Event: 0.849 Thread 0x000000000217b000 Exception <a 'java/io/FileNotFoundException'> (0x00000000d6a8ebb8) thrown at [C:\re\workspace\8-2-build-windows-amd64-cygwin\jdk8u211\12973\hotspot\src\share\vm\prims\jni.cpp, line 710]

Events (10 events):
Event: 0.873 Thread 0x000000000217b000 DEOPT PACKING pc=0x0000000002480f00 sp=0x000000000216ccd0
Event: 0.873 Thread 0x000000000217b000 DEOPT UNPACKING pc=0x00000000023b7890 sp=0x000000000216c9a8 mode 0
Event: 0.874 loading class com/intellij/junit4/JUnit4TestRunnerUtil
Event: 0.874 loading class com/intellij/junit4/JUnit4TestRunnerUtil done
Event: 0.876 loading class org/junit/runner/manipulation/Filter
Event: 0.876 loading class org/junit/runner/manipulation/Filter done
Event: 0.877 loading class com/intellij/junit4/JUnit4TestRunnerUtil$4
Event: 0.877 loading class com/intellij/junit4/JUnit4TestRunnerUtil$4 done
Event: 0.878 loading class com/intellij/junit4/JUnit4TestRunnerUtil$1
Event: 0.878 loading class com/intellij/junit4/JUnit4TestRunnerUtil$1 done


Dynamic libraries:
0x00007ff7d7030000 - 0x00007ff7d7067000 	C:\Program Files\Java\jdk1.8.0_211\bin\java.exe
0x00007ff8b71f0000 - 0x00007ff8b73dd000 	C:\WINDOWS\SYSTEM32\ntdll.dll
0x00007ff8adff0000 - 0x00007ff8ae004000 	C:\Program Files\AVAST Software\Avast\aswhook.dll
0x00007ff8b6700000 - 0x00007ff8b67b3000 	C:\WINDOWS\System32\KERNEL32.DLL
0x00007ff8b35c0000 - 0x00007ff8b3853000 	C:\WINDOWS\System32\KERNELBASE.dll
0x00007ff8b7110000 - 0x00007ff8b71b3000 	C:\WINDOWS\System32\ADVAPI32.dll
0x00007ff8b7070000 - 0x00007ff8b710e000 	C:\WINDOWS\System32\msvcrt.dll
0x00007ff8b6550000 - 0x00007ff8b65ee000 	C:\WINDOWS\System32\sechost.dll
0x00007ff8b6820000 - 0x00007ff8b6942000 	C:\WINDOWS\System32\RPCRT4.dll
0x00007ff8b6ec0000 - 0x00007ff8b7057000 	C:\WINDOWS\System32\USER32.dll
0x00007ff8b3500000 - 0x00007ff8b3520000 	C:\WINDOWS\System32\win32u.dll
0x00007ff8b62e0000 - 0x00007ff8b6309000 	C:\WINDOWS\System32\GDI32.dll
0x00007ff8b3360000 - 0x00007ff8b34f9000 	C:\WINDOWS\System32\gdi32full.dll
0x00007ff8b3520000 - 0x00007ff8b35c0000 	C:\WINDOWS\System32\msvcp_win.dll
0x00007ff8b38c0000 - 0x00007ff8b39ba000 	C:\WINDOWS\System32\ucrtbase.dll
0x00007ff8a1210000 - 0x00007ff8a1489000 	C:\WINDOWS\WinSxS\amd64_microsoft.windows.common-controls_6595b64144ccf1df_6.0.17763.914_none_05b346b2072102f2\COMCTL32.dll
0x00007ff8b4490000 - 0x00007ff8b47bc000 	C:\WINDOWS\System32\combase.dll
0x00007ff8b4310000 - 0x00007ff8b438e000 	C:\WINDOWS\System32\bcryptPrimitives.dll
0x00007ff8b6960000 - 0x00007ff8b698e000 	C:\WINDOWS\System32\IMM32.DLL
0x0000000065ae0000 - 0x0000000065bb2000 	C:\Program Files\Java\jdk1.8.0_211\jre\bin\msvcr100.dll
0x0000000065230000 - 0x0000000065ad5000 	C:\Program Files\Java\jdk1.8.0_211\jre\bin\server\jvm.dll
0x00007ff8b6110000 - 0x00007ff8b6118000 	C:\WINDOWS\System32\PSAPI.DLL
0x00007ff89f930000 - 0x00007ff89f939000 	C:\WINDOWS\SYSTEM32\WSOCK32.dll
0x00007ff8b6440000 - 0x00007ff8b64ad000 	C:\WINDOWS\System32\WS2_32.dll
0x00007ff8adf20000 - 0x00007ff8adf44000 	C:\WINDOWS\SYSTEM32\WINMM.dll
0x00007ff8ae100000 - 0x00007ff8ae10a000 	C:\WINDOWS\SYSTEM32\VERSION.dll
0x00007ff8add80000 - 0x00007ff8addad000 	C:\WINDOWS\SYSTEM32\WINMMBASE.dll
0x00007ff8b43c0000 - 0x00007ff8b440a000 	C:\WINDOWS\System32\cfgmgr32.dll
0x00007ff8ac820000 - 0x00007ff8ac82f000 	C:\Program Files\Java\jdk1.8.0_211\jre\bin\verify.dll
0x00007ff8aa390000 - 0x00007ff8aa3b9000 	C:\Program Files\Java\jdk1.8.0_211\jre\bin\java.dll
0x00007ff8a7fe0000 - 0x00007ff8a8015000 	C:\Program Files\Java\jdk1.8.0_211\jre\bin\jdwp.dll
0x00007ff8a9eb0000 - 0x00007ff8a9eb8000 	C:\Program Files\Java\jdk1.8.0_211\jre\bin\npt.dll
0x00007ff8a9ee0000 - 0x00007ff8a9f03000 	C:\Program Files\Java\jdk1.8.0_211\jre\bin\instrument.dll
0x00007ff8aa370000 - 0x00007ff8aa386000 	C:\Program Files\Java\jdk1.8.0_211\jre\bin\zip.dll
0x00007ff8b47c0000 - 0x00007ff8b5cb4000 	C:\WINDOWS\System32\SHELL32.dll
0x00007ff8b6e10000 - 0x00007ff8b6eb8000 	C:\WINDOWS\System32\shcore.dll
0x00007ff8b39c0000 - 0x00007ff8b410d000 	C:\WINDOWS\System32\windows.storage.dll
0x00007ff8b31e0000 - 0x00007ff8b3204000 	C:\WINDOWS\System32\profapi.dll
0x00007ff8b3210000 - 0x00007ff8b326d000 	C:\WINDOWS\System32\powrprof.dll
0x00007ff8b6280000 - 0x00007ff8b62d2000 	C:\WINDOWS\System32\shlwapi.dll
0x00007ff8b3290000 - 0x00007ff8b32a1000 	C:\WINDOWS\System32\kernel.appcore.dll
0x00007ff8b4110000 - 0x00007ff8b4127000 	C:\WINDOWS\System32\cryptsp.dll
0x00007ff8a80f0000 - 0x00007ff8a80f9000 	C:\Program Files\Java\jdk1.8.0_211\jre\bin\dt_socket.dll
0x00007ff8b29f0000 - 0x00007ff8b2a57000 	C:\WINDOWS\system32\mswsock.dll

VM Arguments:
jvm_args: -agentlib:jdwp=transport=dt_socket,address=127.0.0.1:54212,suspend=y,server=n -ea -Didea.test.cyclic.buffer.size=1048576 -javaagent:C:\Users\DELL\.IntelliJIdea2018.2\system\captureAgent\debugger-agent.jar=file:/C:/Users/DELL/AppData/Local/Temp/capture.props -Dfile.encoding=UTF-8 
java_command: com.intellij.rt.execution.junit.JUnitStarter -ideVersion5 -junit4 @w@C:\Users\DELL\AppData\Local\Temp\idea_working_dirs_junit.tmp @C:\Users\DELL\AppData\Local\Temp\idea_junit.tmp
java_class_path (initial): C:\Program Files\JetBrains\IntelliJ IDEA 2018.2.5\lib\idea_rt.jar;C:\Program Files\JetBrains\IntelliJ IDEA 2018.2.5\plugins\junit\lib\junit-rt.jar;C:\Program Files\JetBrains\IntelliJ IDEA 2018.2.5\plugins\junit\lib\junit5-rt.jar;C:\Program Files\Java\jdk1.8.0_211\jre\lib\charsets.jar;C:\Program Files\Java\jdk1.8.0_211\jre\lib\deploy.jar;C:\Program Files\Java\jdk1.8.0_211\jre\lib\ext\access-bridge-64.jar;C:\Program Files\Java\jdk1.8.0_211\jre\lib\ext\cldrdata.jar;C:\Program Files\Java\jdk1.8.0_211\jre\lib\ext\dnsns.jar;C:\Program Files\Java\jdk1.8.0_211\jre\lib\ext\jaccess.jar;C:\Program Files\Java\jdk1.8.0_211\jre\lib\ext\jfxrt.jar;C:\Program Files\Java\jdk1.8.0_211\jre\lib\ext\localedata.jar;C:\Program Files\Java\jdk1.8.0_211\jre\lib\ext\nashorn.jar;C:\Program Files\Java\jdk1.8.0_211\jre\lib\ext\sunec.jar;C:\Program Files\Java\jdk1.8.0_211\jre\lib\ext\sunjce_provider.jar;C:\Program Files\Java\jdk1.8.0_211\jre\lib\ext\sunmscapi.jar;C:\Program Files\Java\jdk1.8.0_211\jre\lib\ext\sunpkcs11.jar;C:\Program Files\Java\jdk1.8.0_211\jre\lib\ext\zipfs.jar;C:\Program Files\Java\jdk1.8.0_211\jre\lib\javaws.jar;C:\Program Files\Java\jdk1.8.0_211\jre\lib\jce.jar;C:\Program Files\Java\jdk1.8.0_211\jre\lib\jfr.jar;C:\Program Files\Java\jdk1.8.0_211\jre\lib\jfxswt.jar;C:\Program Files\Java\jdk1.8.0_211\jre\lib\jsse.jar;C:\Program Files\Java\jdk1.8.0_211\jre\lib\management-agent.jar;C:\Program Files\Java\jdk1.8.0_211\jre\lib\plugin.jar;C:\Program Files\Java\jdk1.8.0_211\jre\lib\resources.jar;C:\Program Files\Java\jdk1.8.0_211\jre\lib\rt.jar;C:\Junior\Mes_Cours\Master2_Info\SOA_Urbanisation_des_SI\Mémoire\micro_service\workspace\microservice-pub-com\target\test-classes;C:\Junior\Mes_Cours\Master2_Info\SOA_Urbanisation_des_SI\Mémoire\micro_service\workspace\microservice-pub-com\target\classes;C:\Users\DELL\.m2\repository\org\projectlombok\lombok\1.18.10\lombok-1.18.10.jar;C:\Users\DELL\.m2\repository\org\springframework\boot\spring-boot-starter-actuator\2
Launcher Type: SUN_STANDARD

Environment Variables:
JAVA_HOME=C:\Program Files\Java\jdk1.8.0_211
PATH=C:\oracle\product\10.2.0\db_1\bin;C:\Program Files (x86)\Common Files\Oracle\Java\javapath;C:\WINDOWS\system32;C:\WINDOWS;C:\WINDOWS\System32\Wbem;C:\WINDOWS\System32\WindowsPowerShell\v1.0\;C:\WINDOWS\System32\OpenSSH\;C:\Program Files\dotnet\;C:\Program Files\Git\cmd;C:\Program Files\Git\mingw64\bin;C:\Program Files\Git\usr\bin;C:\Program Files\Microsoft SQL Server\130\Tools\Binn\;%MAVEN_HOME%\bin;C:\Program Files\Microsoft SQL Server\Client SDK\ODBC\110\Tools\Binn\;C:\Program Files (x86)\Microsoft SQL Server\120\Tools\Binn\ManagementStudio\;C:\Program Files (x86)\Microsoft SQL Server\120\Tools\Binn\;C:\Program Files\Microsoft SQL Server\120\Tools\Binn\;C:\Program Files (x86)\Microsoft SQL Server\120\DTS\Binn\;C:\Program Files\Microsoft SQL Server\120\DTS\Binn\;C:\Program Files\VisualSVN Server\bin;C:\composer;C:\Junior\Mes_Logiciels\wamp\php-7.3.10-Win32-VC15-x86;C:\Program Files\PuTTY\;C:\Program Files\nodejs\;C:\Users\DELL\AppData\Local\Programs\Python\Python35\Scripts\;C:\Users\DELL\AppData\Local\Programs\Python\Python35\;C:\Users\DELL\AppData\Local\Microsoft\WindowsApps;C:\Program Files\JetBrains\PyCharm 2018.3.5\bin;;C:\Junior\Intégration\apache-maven-3.6.1-bin\apache-maven-3.6.1\bin;;C:\Program Files\JetBrains\WebStorm 2018.3.1\bin;;C:\Users\DELL\AppData\Roaming\Composer\vendor\bin;C:\Users\DELL\AppData\Local\Programs\Microsoft VS Code\bin;C:\Users\DELL\AppData\Roaming\npm
USERNAME=DELL
OS=Windows_NT
PROCESSOR_IDENTIFIER=Intel64 Family 6 Model 142 Stepping 10, GenuineIntel



---------------  S Y S T E M  ---------------

OS: Windows 10.0 , 64 bit Build 17763 (10.0.17763.475)

CPU:total 8 (initial active 8) (4 cores per cpu, 2 threads per core) family 6 model 142 stepping 10, cmov, cx8, fxsr, mmx, sse, sse2, sse3, ssse3, sse4.1, sse4.2, popcnt, avx, avx2, aes, clmul, erms, rtm, 3dnowpref, lzcnt, ht, tsc, tscinvbit, bmi1, bmi2, adx

Memory: 4k page, physical 8246232k(467428k free), swap 33412056k(20k free)

vm_info: Java HotSpot(TM) 64-Bit Server VM (25.211-b12) for windows-amd64 JRE (1.8.0_211-b12), built on Apr  1 2019 20:53:26 by "java_re" with MS VC++ 10.0 (VS2010)

time: Thu Jan 23 20:56:40 2020
timezone: Greenwich
elapsed time: 0 seconds (0d 0h 0m 0s)

