#
# There is insufficient memory for the Java Runtime Environment to continue.
# Native memory allocation (malloc) failed to allocate 32744 bytes for ChunkPool::allocate
# Possible reasons:
#   The system is out of physical RAM or swap space
#   The process is running with CompressedOops enabled, and the Java Heap may be blocking the growth of the native heap
# Possible solutions:
#   Reduce memory load on the system
#   Increase physical memory or swap space
#   Check if swap backing store is full
#   Decrease Java heap size (-Xmx/-Xms)
#   Decrease number of Java threads
#   Decrease Java thread stack sizes (-Xss)
#   Set larger code cache with -XX:ReservedCodeCacheSize=
#   JVM is running with Unscaled Compressed Oops mode in which the Java heap is
#     placed in the first 4GB address space. The Java Heap base address is the
#     maximum limit for the native heap growth. Please use -XX:HeapBaseMinAddress
#     to set the Java Heap base and to place the Java Heap above 4GB virtual address.
# This output file may be truncated or incomplete.
#
#  Out of Memory Error (allocation.cpp:272), pid=37100, tid=0x0000000000003414
#
# JRE version: Java(TM) SE Runtime Environment (8.0_211-b12) (build 1.8.0_211-b12)
# Java VM: Java HotSpot(TM) 64-Bit Server VM (25.211-b12 mixed mode windows-amd64 compressed oops)
# Failed to write core dump. Minidumps are not enabled by default on client versions of Windows
#

---------------  T H R E A D  ---------------

Current thread (0x000000001b088800):  JavaThread "C2 CompilerThread1" daemon [_thread_in_native, id=13332, stack(0x000000001b2b0000,0x000000001b3b0000)]

Stack: [0x000000001b2b0000,0x000000001b3b0000]
[error occurred during error reporting (printing stack bounds), id 0xc0000005]

Native frames: (J=compiled Java code, j=interpreted, Vv=VM code, C=native code)


Current CompileTask:
C2:  37620 7357  s    4       sun.net.www.protocol.file.Handler::openConnection (7 bytes)


---------------  P R O C E S S  ---------------

Java Threads: ( => current thread )
  0x000000001a0f7800 JavaThread "Keep-Alive-Timer" daemon [_thread_blocked, id=38992, stack(0x00000000313b0000,0x00000000314b0000)]
  0x000000001a0f3800 JavaThread "mysql-cj-abandoned-connection-cleanup" daemon [_thread_blocked, id=32068, stack(0x0000000022870000,0x0000000022970000)]
  0x000000001b0da000 JavaThread "Service Thread" daemon [_thread_blocked, id=16108, stack(0x000000001b5b0000,0x000000001b6b0000)]
  0x000000001b092000 JavaThread "C1 CompilerThread3" daemon [_thread_blocked, id=26296, stack(0x000000001b4b0000,0x000000001b5b0000)]
  0x000000001b08f800 JavaThread "C2 CompilerThread2" daemon [_thread_in_native, id=21236, stack(0x000000001b3b0000,0x000000001b4b0000)]
=>0x000000001b088800 JavaThread "C2 CompilerThread1" daemon [_thread_in_native, id=13332, stack(0x000000001b2b0000,0x000000001b3b0000)]
  0x000000001b079000 JavaThread "C2 CompilerThread0" daemon [_thread_in_native, id=15304, stack(0x000000001b1b0000,0x000000001b2b0000)]
  0x0000000019df0800 JavaThread "JDWP Command Reader" daemon [_thread_in_native, id=22712, stack(0x000000001a8b0000,0x000000001a9b0000)]
  0x0000000019dec800 JavaThread "JDWP Event Helper Thread" daemon [_thread_blocked, id=38848, stack(0x000000001a7b0000,0x000000001a8b0000)]
  0x0000000019de2000 JavaThread "JDWP Transport Listener: dt_socket" daemon [_thread_blocked, id=30672, stack(0x000000001a6b0000,0x000000001a7b0000)]
  0x0000000019dd2000 JavaThread "Attach Listener" daemon [_thread_blocked, id=21484, stack(0x000000001a5b0000,0x000000001a6b0000)]
  0x0000000019dce800 JavaThread "Signal Dispatcher" daemon [_thread_blocked, id=40252, stack(0x000000001a4b0000,0x000000001a5b0000)]
  0x0000000017fab000 JavaThread "Finalizer" daemon [_thread_blocked, id=33444, stack(0x000000001a290000,0x000000001a390000)]
  0x0000000019db0800 JavaThread "Reference Handler" daemon [_thread_blocked, id=34420, stack(0x000000001a190000,0x000000001a290000)]
  0x0000000002e8a800 JavaThread "main" [_thread_in_Java, id=32316, stack(0x0000000002d80000,0x0000000002e80000)]

Other Threads:
  0x0000000017f9c000 VMThread [stack: 0x0000000019c90000,0x0000000019d90000] [id=37180]
  0x000000001b1a7000 WatcherThread [stack: 0x000000001c7f0000,0x000000001c8f0000] [id=35712]

VM state:not at safepoint (normal execution)

VM Mutex/Monitor currently owned by a thread: None

heap address: 0x0000000082200000, size: 2014 MB, Compressed Oops mode: 32-bit
Narrow klass base: 0x0000000000000000, Narrow klass shift: 3
Compressed class space size: 1073741824 Address: 0x0000000100000000

Heap:
 PSYoungGen      total 329728K, used 206395K [0x00000000d6100000, 0x00000000ee780000, 0x0000000100000000)
  eden space 309760K, 61% used [0x00000000d6100000,0x00000000e1b2e4a8,0x00000000e8f80000)
  from space 19968K, 78% used [0x00000000e8f80000,0x00000000e9ee09a0,0x00000000ea300000)
  to   space 21504K, 0% used [0x00000000ed280000,0x00000000ed280000,0x00000000ee780000)
 ParOldGen       total 134144K, used 33586K [0x0000000082200000, 0x000000008a500000, 0x00000000d6100000)
  object space 134144K, 25% used [0x0000000082200000,0x00000000842cc948,0x000000008a500000)
 Metaspace       used 62596K, capacity 65988K, committed 66304K, reserved 1105920K
  class space    used 8555K, capacity 9112K, committed 9216K, reserved 1048576K

Card table byte_map: [0x0000000012440000,0x0000000012830000] byte_map_base: 0x000000001202f000

Marking Bits: (ParMarkBitMap*) 0x0000000065a55ce0
 Begin Bits: [0x00000000132d0000, 0x0000000015248000)
 End Bits:   [0x0000000015248000, 0x00000000171c0000)

Polling page: 0x0000000001110000

CodeCache: size=245760Kb used=26679Kb max_used=27069Kb free=219080Kb
 bounds [0x0000000003080000, 0x0000000004b30000, 0x0000000012080000]
 total_blobs=6891 nmethods=6358 adapters=452
 compilation: enabled

Compilation events (10 events):
Event: 37.595 Thread 0x000000001b079000 7358  s!   4       sun.net.www.protocol.file.Handler::openConnection (269 bytes)
Event: 37.595 Thread 0x000000001b08f800 7359       4       sun.net.www.protocol.file.FileURLConnection::<init> (38 bytes)
Event: 37.598 Thread 0x000000001b092000 7360   !   3       sun.reflect.GeneratedMethodAccessor10::invoke (63 bytes)
Event: 37.598 Thread 0x000000001b08f800 nmethod 7359 0x0000000003c3e190 code [0x0000000003c3e2e0, 0x0000000003c3e578]
Event: 37.599 Thread 0x000000001b092000 nmethod 7360 0x0000000003666e50 code [0x00000000036670a0, 0x0000000003667b28]
Event: 37.600 Thread 0x000000001b092000 7361       3       org.springframework.core.type.classreading.MergedAnnotationReadingVisitor::visitEnum (14 bytes)
Event: 37.601 Thread 0x000000001b092000 nmethod 7361 0x00000000042e31d0 code [0x00000000042e33e0, 0x00000000042e3e08]
Event: 37.601 Thread 0x000000001b092000 7362       3       org.springframework.core.type.classreading.MergedAnnotationReadingVisitor$$Lambda$451/1801704517::get$Lambda (10 bytes)
Event: 37.602 Thread 0x000000001b092000 nmethod 7362 0x00000000037812d0 code [0x0000000003781440, 0x00000000037816b0]
Event: 37.614 Thread 0x000000001b08f800 7363       4       org.springframework.context.annotation.ConfigurationClassParser$SourceClass::<init> (49 bytes)

GC Heap History (10 events):
Event: 14.541 GC heap before
{Heap before GC invocations=12 (full 2):
 PSYoungGen      total 205824K, used 194560K [0x00000000d6100000, 0x00000000e6b00000, 0x0000000100000000)
  eden space 194560K, 100% used [0x00000000d6100000,0x00000000e1f00000,0x00000000e1f00000)
  from space 11264K, 0% used [0x00000000e1f00000,0x00000000e1f00000,0x00000000e2a00000)
  to   space 12800K, 0% used [0x00000000e5e80000,0x00000000e5e80000,0x00000000e6b00000)
 ParOldGen       total 86528K, used 16456K [0x0000000082200000, 0x0000000087680000, 0x00000000d6100000)
  object space 86528K, 19% used [0x0000000082200000,0x00000000832122d0,0x0000000087680000)
 Metaspace       used 40200K, capacity 42498K, committed 42752K, reserved 1085440K
  class space    used 5422K, capacity 5859K, committed 5888K, reserved 1048576K
Event: 14.560 GC heap after
Heap after GC invocations=12 (full 2):
 PSYoungGen      total 258560K, used 10912K [0x00000000d6100000, 0x00000000e7500000, 0x0000000100000000)
  eden space 245760K, 0% used [0x00000000d6100000,0x00000000d6100000,0x00000000e5100000)
  from space 12800K, 85% used [0x00000000e5e80000,0x00000000e69283d0,0x00000000e6b00000)
  to   space 13824K, 0% used [0x00000000e5100000,0x00000000e5100000,0x00000000e5e80000)
 ParOldGen       total 86528K, used 16464K [0x0000000082200000, 0x0000000087680000, 0x00000000d6100000)
  object space 86528K, 19% used [0x0000000082200000,0x00000000832142d0,0x0000000087680000)
 Metaspace       used 40200K, capacity 42498K, committed 42752K, reserved 1085440K
  class space    used 5422K, capacity 5859K, committed 5888K, reserved 1048576K
}
Event: 19.422 GC heap before
{Heap before GC invocations=13 (full 2):
 PSYoungGen      total 258560K, used 241395K [0x00000000d6100000, 0x00000000e7500000, 0x0000000100000000)
  eden space 245760K, 93% used [0x00000000d6100000,0x00000000e4214848,0x00000000e5100000)
  from space 12800K, 85% used [0x00000000e5e80000,0x00000000e69283d0,0x00000000e6b00000)
  to   space 13824K, 0% used [0x00000000e5100000,0x00000000e5100000,0x00000000e5e80000)
 ParOldGen       total 86528K, used 16464K [0x0000000082200000, 0x0000000087680000, 0x00000000d6100000)
  object space 86528K, 19% used [0x0000000082200000,0x00000000832142d0,0x0000000087680000)
 Metaspace       used 56533K, capacity 59056K, committed 59160K, reserved 1099776K
  class space    used 7831K, capacity 8300K, committed 8320K, reserved 1048576K
Event: 19.447 GC heap after
Heap after GC invocations=13 (full 2):
 PSYoungGen      total 259584K, used 13792K [0x00000000d6100000, 0x00000000ebc00000, 0x0000000100000000)
  eden space 245760K, 0% used [0x00000000d6100000,0x00000000d6100000,0x00000000e5100000)
  from space 13824K, 99% used [0x00000000e5100000,0x00000000e5e782c8,0x00000000e5e80000)
  to   space 19456K, 0% used [0x00000000ea900000,0x00000000ea900000,0x00000000ebc00000)
 ParOldGen       total 86528K, used 25897K [0x0000000082200000, 0x0000000087680000, 0x00000000d6100000)
  object space 86528K, 29% used [0x0000000082200000,0x0000000083b4a5c8,0x0000000087680000)
 Metaspace       used 56533K, capacity 59056K, committed 59160K, reserved 1099776K
  class space    used 7831K, capacity 8300K, committed 8320K, reserved 1048576K
}
Event: 19.447 GC heap before
{Heap before GC invocations=14 (full 3):
 PSYoungGen      total 259584K, used 13792K [0x00000000d6100000, 0x00000000ebc00000, 0x0000000100000000)
  eden space 245760K, 0% used [0x00000000d6100000,0x00000000d6100000,0x00000000e5100000)
  from space 13824K, 99% used [0x00000000e5100000,0x00000000e5e782c8,0x00000000e5e80000)
  to   space 19456K, 0% used [0x00000000ea900000,0x00000000ea900000,0x00000000ebc00000)
 ParOldGen       total 86528K, used 25897K [0x0000000082200000, 0x0000000087680000, 0x00000000d6100000)
  object space 86528K, 29% used [0x0000000082200000,0x0000000083b4a5c8,0x0000000087680000)
 Metaspace       used 56533K, capacity 59056K, committed 59160K, reserved 1099776K
  class space    used 7831K, capacity 8300K, committed 8320K, reserved 1048576K
Event: 19.702 GC heap after
Heap after GC invocations=14 (full 3):
 PSYoungGen      total 259584K, used 0K [0x00000000d6100000, 0x00000000ebc00000, 0x0000000100000000)
  eden space 245760K, 0% used [0x00000000d6100000,0x00000000d6100000,0x00000000e5100000)
  from space 13824K, 0% used [0x00000000e5100000,0x00000000e5100000,0x00000000e5e80000)
  to   space 19456K, 0% used [0x00000000ea900000,0x00000000ea900000,0x00000000ebc00000)
 ParOldGen       total 134144K, used 33570K [0x0000000082200000, 0x000000008a500000, 0x00000000d6100000)
  object space 134144K, 25% used [0x0000000082200000,0x00000000842c8948,0x000000008a500000)
 Metaspace       used 56533K, capacity 59056K, committed 59160K, reserved 1099776K
  class space    used 7831K, capacity 8300K, committed 8320K, reserved 1048576K
}
Event: 25.349 GC heap before
{Heap before GC invocations=15 (full 3):
 PSYoungGen      total 259584K, used 245760K [0x00000000d6100000, 0x00000000ebc00000, 0x0000000100000000)
  eden space 245760K, 100% used [0x00000000d6100000,0x00000000e5100000,0x00000000e5100000)
  from space 13824K, 0% used [0x00000000e5100000,0x00000000e5100000,0x00000000e5e80000)
  to   space 19456K, 0% used [0x00000000ea900000,0x00000000ea900000,0x00000000ebc00000)
 ParOldGen       total 134144K, used 33570K [0x0000000082200000, 0x000000008a500000, 0x00000000d6100000)
  object space 134144K, 25% used [0x0000000082200000,0x00000000842c8948,0x000000008a500000)
 Metaspace       used 61710K, capacity 64892K, committed 65152K, reserved 1105920K
  class space    used 8528K, capacity 9076K, committed 9088K, reserved 1048576K
Event: 25.418 GC heap after
Heap after GC invocations=15 (full 3):
 PSYoungGen      total 313344K, used 13366K [0x00000000d6100000, 0x00000000eb680000, 0x0000000100000000)
  eden space 299520K, 0% used [0x00000000d6100000,0x00000000d6100000,0x00000000e8580000)
  from space 13824K, 96% used [0x00000000ea900000,0x00000000eb60d808,0x00000000eb680000)
  to   space 19968K, 0% used [0x00000000e8f80000,0x00000000e8f80000,0x00000000ea300000)
 ParOldGen       total 134144K, used 33578K [0x0000000082200000, 0x000000008a500000, 0x00000000d6100000)
  object space 134144K, 25% used [0x0000000082200000,0x00000000842ca948,0x000000008a500000)
 Metaspace       used 61710K, capacity 64892K, committed 65152K, reserved 1105920K
  class space    used 8528K, capacity 9076K, committed 9088K, reserved 1048576K
}
Event: 32.033 GC heap before
{Heap before GC invocations=16 (full 3):
 PSYoungGen      total 313344K, used 312886K [0x00000000d6100000, 0x00000000eb680000, 0x0000000100000000)
  eden space 299520K, 100% used [0x00000000d6100000,0x00000000e8580000,0x00000000e8580000)
  from space 13824K, 96% used [0x00000000ea900000,0x00000000eb60d808,0x00000000eb680000)
  to   space 19968K, 0% used [0x00000000e8f80000,0x00000000e8f80000,0x00000000ea300000)
 ParOldGen       total 134144K, used 33578K [0x0000000082200000, 0x000000008a500000, 0x00000000d6100000)
  object space 134144K, 25% used [0x0000000082200000,0x00000000842ca948,0x000000008a500000)
 Metaspace       used 62243K, capacity 65524K, committed 65792K, reserved 1105920K
  class space    used 8545K, capacity 9100K, committed 9216K, reserved 1048576K
Event: 32.050 GC heap after
Heap after GC invocations=16 (full 3):
 PSYoungGen      total 329728K, used 15746K [0x00000000d6100000, 0x00000000ee780000, 0x0000000100000000)
  eden space 309760K, 0% used [0x00000000d6100000,0x00000000d6100000,0x00000000e8f80000)
  from space 19968K, 78% used [0x00000000e8f80000,0x00000000e9ee09a0,0x00000000ea300000)
  to   space 21504K, 0% used [0x00000000ed280000,0x00000000ed280000,0x00000000ee780000)
 ParOldGen       total 134144K, used 33586K [0x0000000082200000, 0x000000008a500000, 0x00000000d6100000)
  object space 134144K, 25% used [0x0000000082200000,0x00000000842cc948,0x000000008a500000)
 Metaspace       used 62243K, capacity 65524K, committed 65792K, reserved 1105920K
  class space    used 8545K, capacity 9100K, committed 9216K, reserved 1048576K
}

Deoptimization events (10 events):
Event: 26.237 Thread 0x0000000002e8a800 Uncommon trap: reason=null_check action=maybe_recompile pc=0x00000000045e98d4 method=org.springframework.boot.context.properties.source.DefaultPropertyMapper.map(Lorg/springframework/boot/context/properties/source/ConfigurationPropertyName;)[Lorg/springfr
Event: 26.237 Thread 0x0000000002e8a800 Uncommon trap: reason=null_check action=maybe_recompile pc=0x00000000045e98d4 method=org.springframework.boot.context.properties.source.DefaultPropertyMapper.map(Lorg/springframework/boot/context/properties/source/ConfigurationPropertyName;)[Lorg/springfr
Event: 26.238 Thread 0x0000000002e8a800 Uncommon trap: reason=null_check action=maybe_recompile pc=0x00000000045e98d4 method=org.springframework.boot.context.properties.source.DefaultPropertyMapper.map(Lorg/springframework/boot/context/properties/source/ConfigurationPropertyName;)[Lorg/springfr
Event: 26.238 Thread 0x0000000002e8a800 Uncommon trap: reason=null_check action=maybe_recompile pc=0x000000000464c764 method=org.springframework.boot.context.properties.source.DefaultPropertyMapper.map(Lorg/springframework/boot/context/properties/source/ConfigurationPropertyName;)[Lorg/springfr
Event: 26.550 Thread 0x0000000002e8a800 Uncommon trap: reason=unstable_if action=reinterpret pc=0x000000000327a794 method=java.lang.AbstractStringBuilder.append(Ljava/lang/String;)Ljava/lang/AbstractStringBuilder; @ 1
Event: 27.827 Thread 0x0000000002e8a800 Uncommon trap: reason=unstable_if action=reinterpret pc=0x000000000446d8d0 method=org.springframework.util.StringUtils.delimitedListToStringArray(Ljava/lang/String;Ljava/lang/String;Ljava/lang/String;)[Ljava/lang/String; @ 130
Event: 28.731 Thread 0x0000000002e8a800 Uncommon trap: reason=bimorphic action=maybe_recompile pc=0x000000000374ddb4 method=java.util.HashMap.putVal(ILjava/lang/Object;Ljava/lang/Object;ZZ)Ljava/lang/Object; @ 253
Event: 31.092 Thread 0x0000000002e8a800 Uncommon trap: reason=speculate_class_check action=maybe_recompile pc=0x0000000003f36b14 method=org.springframework.util.ObjectUtils.arrayEquals(Ljava/lang/Object;Ljava/lang/Object;)Z @ 8
Event: 31.092 Thread 0x0000000002e8a800 Uncommon trap: reason=speculate_class_check action=maybe_recompile pc=0x0000000003f36b14 method=org.springframework.util.ObjectUtils.arrayEquals(Ljava/lang/Object;Ljava/lang/Object;)Z @ 8
Event: 37.494 Thread 0x0000000002e8a800 Uncommon trap: reason=predicate action=maybe_recompile pc=0x0000000003caddb0 method=java.util.TimSort.binarySort([Ljava/lang/Object;IIILjava/util/Comparator;)V @ 37

Classes redefined (0 events):
No events

Internal exceptions (10 events):
Event: 37.478 Thread 0x0000000002e8a800 Exception <a 'java/lang/ClassNotFoundException': org/springframework/beans/factory/support/BeanDefinitionRegistryPostProcessorCustomizer> (0x00000000dfcd67a8) thrown at [C:\re\workspace\8-2-build-windows-amd64-cygwin\jdk8u211\12973\hotspot\src\share\vm\cl
Event: 37.480 Thread 0x0000000002e8a800 Exception <a 'java/lang/ClassNotFoundException': org/springframework/beans/factory/config/BeanFactoryPostProcessorCustomizer> (0x00000000dfd1ead0) thrown at [C:\re\workspace\8-2-build-windows-amd64-cygwin\jdk8u211\12973\hotspot\src\share\vm\classfile\syst
Event: 37.481 Thread 0x0000000002e8a800 Exception <a 'java/lang/ClassNotFoundException': org/springframework/core/PriorityOrderedCustomizer> (0x00000000dfd531b8) thrown at [C:\re\workspace\8-2-build-windows-amd64-cygwin\jdk8u211\12973\hotspot\src\share\vm\classfile\systemDictionary.cpp, line 21
Event: 37.482 Thread 0x0000000002e8a800 Exception <a 'java/lang/ClassNotFoundException': org/springframework/core/OrderedCustomizer> (0x00000000dfd81090) thrown at [C:\re\workspace\8-2-build-windows-amd64-cygwin\jdk8u211\12973\hotspot\src\share\vm\classfile\systemDictionary.cpp, line 210]
Event: 37.483 Thread 0x0000000002e8a800 Exception <a 'java/lang/ClassNotFoundException': org/springframework/context/ResourceLoaderAwareCustomizer> (0x00000000dfdbb008) thrown at [C:\re\workspace\8-2-build-windows-amd64-cygwin\jdk8u211\12973\hotspot\src\share\vm\classfile\systemDictionary.cpp, 
Event: 37.484 Thread 0x0000000002e8a800 Exception <a 'java/lang/ClassNotFoundException': org/springframework/beans/factory/AwareCustomizer> (0x00000000dfdef9c8) thrown at [C:\re\workspace\8-2-build-windows-amd64-cygwin\jdk8u211\12973\hotspot\src\share\vm\classfile\systemDictionary.cpp, line 210
Event: 37.485 Thread 0x0000000002e8a800 Exception <a 'java/lang/ClassNotFoundException': org/springframework/beans/factory/BeanClassLoaderAwareCustomizer> (0x00000000dfe2e6c8) thrown at [C:\re\workspace\8-2-build-windows-amd64-cygwin\jdk8u211\12973\hotspot\src\share\vm\classfile\systemDictionar
Event: 37.486 Thread 0x0000000002e8a800 Exception <a 'java/lang/ClassNotFoundException': org/springframework/beans/factory/AwareCustomizer> (0x00000000dfe63148) thrown at [C:\re\workspace\8-2-build-windows-amd64-cygwin\jdk8u211\12973\hotspot\src\share\vm\classfile\systemDictionary.cpp, line 210
Event: 37.487 Thread 0x0000000002e8a800 Exception <a 'java/lang/ClassNotFoundException': org/springframework/context/EnvironmentAwareCustomizer> (0x00000000dfe9a628) thrown at [C:\re\workspace\8-2-build-windows-amd64-cygwin\jdk8u211\12973\hotspot\src\share\vm\classfile\systemDictionary.cpp, lin
Event: 37.489 Thread 0x0000000002e8a800 Exception <a 'java/lang/ClassNotFoundException': org/springframework/beans/factory/AwareCustomizer> (0x00000000dfecef98) thrown at [C:\re\workspace\8-2-build-windows-amd64-cygwin\jdk8u211\12973\hotspot\src\share\vm\classfile\systemDictionary.cpp, line 210

Events (10 events):
Event: 37.606 Thread 0x0000000002e8a800 DEOPT PACKING pc=0x000000000357adbc sp=0x0000000002e7bb00
Event: 37.606 Thread 0x0000000002e8a800 DEOPT UNPACKING pc=0x00000000030c7890 sp=0x0000000002e7b7e0 mode 1
Event: 37.606 loading class org/xnio/SslClientAuthMode
Event: 37.606 loading class org/xnio/SslClientAuthMode done
Event: 37.606 Thread 0x0000000002e8a800 DEOPT PACKING pc=0x0000000003beeccc sp=0x0000000002e7b990
Event: 37.606 Thread 0x0000000002e8a800 DEOPT UNPACKING pc=0x00000000030c7890 sp=0x0000000002e7b660 mode 1
Event: 37.606 Thread 0x0000000002e8a800 DEOPT PACKING pc=0x0000000003a543f4 sp=0x0000000002e7ba80
Event: 37.606 Thread 0x0000000002e8a800 DEOPT UNPACKING pc=0x00000000030c7890 sp=0x0000000002e7b768 mode 1
Event: 37.606 Thread 0x0000000002e8a800 DEOPT PACKING pc=0x000000000357adbc sp=0x0000000002e7bb00
Event: 37.606 Thread 0x0000000002e8a800 DEOPT UNPACKING pc=0x00000000030c7890 sp=0x0000000002e7b7e0 mode 1


Dynamic libraries:
0x00007ff7d7030000 - 0x00007ff7d7067000 	C:\Program Files\Java\jdk1.8.0_211\bin\java.exe
0x00007ff8b71f0000 - 0x00007ff8b73dd000 	C:\WINDOWS\SYSTEM32\ntdll.dll
0x00007ff8adff0000 - 0x00007ff8ae004000 	C:\Program Files\AVAST Software\Avast\aswhook.dll
0x00007ff8b6700000 - 0x00007ff8b67b3000 	C:\WINDOWS\System32\KERNEL32.DLL
0x00007ff8b35c0000 - 0x00007ff8b3853000 	C:\WINDOWS\System32\KERNELBASE.dll
0x00007ff8b7110000 - 0x00007ff8b71b3000 	C:\WINDOWS\System32\ADVAPI32.dll
0x00007ff8b7070000 - 0x00007ff8b710e000 	C:\WINDOWS\System32\msvcrt.dll
0x00007ff8b6550000 - 0x00007ff8b65ee000 	C:\WINDOWS\System32\sechost.dll
0x00007ff8b6820000 - 0x00007ff8b6942000 	C:\WINDOWS\System32\RPCRT4.dll
0x00007ff8b6ec0000 - 0x00007ff8b7057000 	C:\WINDOWS\System32\USER32.dll
0x00007ff8b3500000 - 0x00007ff8b3520000 	C:\WINDOWS\System32\win32u.dll
0x00007ff8b62e0000 - 0x00007ff8b6309000 	C:\WINDOWS\System32\GDI32.dll
0x00007ff8b3360000 - 0x00007ff8b34f9000 	C:\WINDOWS\System32\gdi32full.dll
0x00007ff8b3520000 - 0x00007ff8b35c0000 	C:\WINDOWS\System32\msvcp_win.dll
0x00007ff8b38c0000 - 0x00007ff8b39ba000 	C:\WINDOWS\System32\ucrtbase.dll
0x00007ff8a1210000 - 0x00007ff8a1489000 	C:\WINDOWS\WinSxS\amd64_microsoft.windows.common-controls_6595b64144ccf1df_6.0.17763.914_none_05b346b2072102f2\COMCTL32.dll
0x00007ff8b4490000 - 0x00007ff8b47bc000 	C:\WINDOWS\System32\combase.dll
0x00007ff8b4310000 - 0x00007ff8b438e000 	C:\WINDOWS\System32\bcryptPrimitives.dll
0x00007ff8b6960000 - 0x00007ff8b698e000 	C:\WINDOWS\System32\IMM32.DLL
0x0000000065ae0000 - 0x0000000065bb2000 	C:\Program Files\Java\jdk1.8.0_211\jre\bin\msvcr100.dll
0x0000000065230000 - 0x0000000065ad5000 	C:\Program Files\Java\jdk1.8.0_211\jre\bin\server\jvm.dll
0x00007ff8b6110000 - 0x00007ff8b6118000 	C:\WINDOWS\System32\PSAPI.DLL
0x00007ff89f930000 - 0x00007ff89f939000 	C:\WINDOWS\SYSTEM32\WSOCK32.dll
0x00007ff8b6440000 - 0x00007ff8b64ad000 	C:\WINDOWS\System32\WS2_32.dll
0x00007ff8adf20000 - 0x00007ff8adf44000 	C:\WINDOWS\SYSTEM32\WINMM.dll
0x00007ff8ae100000 - 0x00007ff8ae10a000 	C:\WINDOWS\SYSTEM32\VERSION.dll
0x00007ff8add80000 - 0x00007ff8addad000 	C:\WINDOWS\SYSTEM32\WINMMBASE.dll
0x00007ff8b43c0000 - 0x00007ff8b440a000 	C:\WINDOWS\System32\cfgmgr32.dll
0x00007ff8ac820000 - 0x00007ff8ac82f000 	C:\Program Files\Java\jdk1.8.0_211\jre\bin\verify.dll
0x00007ff8aa390000 - 0x00007ff8aa3b9000 	C:\Program Files\Java\jdk1.8.0_211\jre\bin\java.dll
0x00007ff8a7fe0000 - 0x00007ff8a8015000 	C:\Program Files\Java\jdk1.8.0_211\jre\bin\jdwp.dll
0x00007ff8a9eb0000 - 0x00007ff8a9eb8000 	C:\Program Files\Java\jdk1.8.0_211\jre\bin\npt.dll
0x00007ff8a9ee0000 - 0x00007ff8a9f03000 	C:\Program Files\Java\jdk1.8.0_211\jre\bin\instrument.dll
0x00007ff8aa370000 - 0x00007ff8aa386000 	C:\Program Files\Java\jdk1.8.0_211\jre\bin\zip.dll
0x00007ff8b47c0000 - 0x00007ff8b5cb4000 	C:\WINDOWS\System32\SHELL32.dll
0x00007ff8b6e10000 - 0x00007ff8b6eb8000 	C:\WINDOWS\System32\shcore.dll
0x00007ff8b39c0000 - 0x00007ff8b410d000 	C:\WINDOWS\System32\windows.storage.dll
0x00007ff8b31e0000 - 0x00007ff8b3204000 	C:\WINDOWS\System32\profapi.dll
0x00007ff8b3210000 - 0x00007ff8b326d000 	C:\WINDOWS\System32\powrprof.dll
0x00007ff8b6280000 - 0x00007ff8b62d2000 	C:\WINDOWS\System32\shlwapi.dll
0x00007ff8b3290000 - 0x00007ff8b32a1000 	C:\WINDOWS\System32\kernel.appcore.dll
0x00007ff8b4110000 - 0x00007ff8b4127000 	C:\WINDOWS\System32\cryptsp.dll
0x00007ff8a80f0000 - 0x00007ff8a80f9000 	C:\Program Files\Java\jdk1.8.0_211\jre\bin\dt_socket.dll
0x00007ff8b29f0000 - 0x00007ff8b2a57000 	C:\WINDOWS\system32\mswsock.dll
0x00007ff8aa2d0000 - 0x00007ff8aa2ea000 	C:\Program Files\Java\jdk1.8.0_211\jre\bin\net.dll
0x00007ff8a3940000 - 0x00007ff8a3b17000 	C:\WINDOWS\SYSTEM32\urlmon.dll
0x00007ff8a14e0000 - 0x00007ff8a1788000 	C:\WINDOWS\SYSTEM32\iertutil.dll
0x00007ff8b2bc0000 - 0x00007ff8b2bcc000 	C:\WINDOWS\SYSTEM32\CRYPTBASE.DLL
0x00007ff8aa060000 - 0x00007ff8aa072000 	C:\Program Files\Java\jdk1.8.0_211\jre\bin\nio.dll
0x00007ff8b2710000 - 0x00007ff8b274d000 	C:\WINDOWS\SYSTEM32\IPHLPAPI.DLL
0x00007ff8b6950000 - 0x00007ff8b6958000 	C:\WINDOWS\System32\NSI.dll
0x00007ff8a4ef0000 - 0x00007ff8a4f06000 	C:\WINDOWS\SYSTEM32\dhcpcsvc6.DLL
0x00007ff8a4ed0000 - 0x00007ff8a4eec000 	C:\WINDOWS\SYSTEM32\dhcpcsvc.DLL
0x00007ff8b2750000 - 0x00007ff8b2816000 	C:\WINDOWS\SYSTEM32\DNSAPI.dll
0x00007ff8ab950000 - 0x00007ff8ab95d000 	C:\Program Files\Java\jdk1.8.0_211\jre\bin\management.dll
0x00007ff881e30000 - 0x00007ff881e46000 	C:\WINDOWS\system32\napinsp.dll
0x00007ff8831d0000 - 0x00007ff8831ea000 	C:\WINDOWS\system32\pnrpnsp.dll
0x00007ff8831c0000 - 0x00007ff8831ce000 	C:\WINDOWS\System32\winrnr.dll
0x00007ff8ac3f0000 - 0x00007ff8ac40b000 	C:\WINDOWS\system32\NLAapi.dll
0x00007ff892fa0000 - 0x00007ff892fb5000 	C:\WINDOWS\system32\wshbth.dll
0x00007ff8a48e0000 - 0x00007ff8a48ea000 	C:\Windows\System32\rasadhlp.dll
0x00007ff8a3ee0000 - 0x00007ff8a3f59000 	C:\WINDOWS\System32\fwpuclnt.dll
0x00007ff8b4390000 - 0x00007ff8b43b6000 	C:\WINDOWS\System32\bcrypt.dll
0x00007ff8b2570000 - 0x00007ff8b25a3000 	C:\WINDOWS\system32\rsaenh.dll
0x00007ff8b3110000 - 0x00007ff8b3138000 	C:\WINDOWS\SYSTEM32\USERENV.dll

VM Arguments:
jvm_args: -agentlib:jdwp=transport=dt_socket,address=127.0.0.1:53997,suspend=y,server=n -ea -Didea.test.cyclic.buffer.size=1048576 -javaagent:C:\Users\DELL\.IntelliJIdea2018.2\system\captureAgent\debugger-agent.jar=file:/C:/Users/DELL/AppData/Local/Temp/capture.props -Dfile.encoding=UTF-8 
java_command: com.intellij.rt.execution.junit.JUnitStarter -ideVersion5 -junit4 sn.codeart.msa.service.TestSuite
java_class_path (initial): C:\Program Files\JetBrains\IntelliJ IDEA 2018.2.5\lib\idea_rt.jar;C:\Program Files\JetBrains\IntelliJ IDEA 2018.2.5\plugins\junit\lib\junit-rt.jar;C:\Program Files\JetBrains\IntelliJ IDEA 2018.2.5\plugins\junit\lib\junit5-rt.jar;C:\Program Files\Java\jdk1.8.0_211\jre\lib\charsets.jar;C:\Program Files\Java\jdk1.8.0_211\jre\lib\deploy.jar;C:\Program Files\Java\jdk1.8.0_211\jre\lib\ext\access-bridge-64.jar;C:\Program Files\Java\jdk1.8.0_211\jre\lib\ext\cldrdata.jar;C:\Program Files\Java\jdk1.8.0_211\jre\lib\ext\dnsns.jar;C:\Program Files\Java\jdk1.8.0_211\jre\lib\ext\jaccess.jar;C:\Program Files\Java\jdk1.8.0_211\jre\lib\ext\jfxrt.jar;C:\Program Files\Java\jdk1.8.0_211\jre\lib\ext\localedata.jar;C:\Program Files\Java\jdk1.8.0_211\jre\lib\ext\nashorn.jar;C:\Program Files\Java\jdk1.8.0_211\jre\lib\ext\sunec.jar;C:\Program Files\Java\jdk1.8.0_211\jre\lib\ext\sunjce_provider.jar;C:\Program Files\Java\jdk1.8.0_211\jre\lib\ext\sunmscapi.jar;C:\Program Files\Java\jdk1.8.0_211\jre\lib\ext\sunpkcs11.jar;C:\Program Files\Java\jdk1.8.0_211\jre\lib\ext\zipfs.jar;C:\Program Files\Java\jdk1.8.0_211\jre\lib\javaws.jar;C:\Program Files\Java\jdk1.8.0_211\jre\lib\jce.jar;C:\Program Files\Java\jdk1.8.0_211\jre\lib\jfr.jar;C:\Program Files\Java\jdk1.8.0_211\jre\lib\jfxswt.jar;C:\Program Files\Java\jdk1.8.0_211\jre\lib\jsse.jar;C:\Program Files\Java\jdk1.8.0_211\jre\lib\management-agent.jar;C:\Program Files\Java\jdk1.8.0_211\jre\lib\plugin.jar;C:\Program Files\Java\jdk1.8.0_211\jre\lib\resources.jar;C:\Program Files\Java\jdk1.8.0_211\jre\lib\rt.jar;C:\Junior\Mes_Cours\Master2_Info\SOA_Urbanisation_des_SI\Mémoire\micro_service\workspace\microservice-pub-com\target\test-classes;C:\Junior\Mes_Cours\Master2_Info\SOA_Urbanisation_des_SI\Mémoire\micro_service\workspace\microservice-pub-com\target\classes;C:\Users\DELL\.m2\repository\org\projectlombok\lombok\1.18.10\lombok-1.18.10.jar;C:\Users\DELL\.m2\repository\org\springframework\boot\spring-boot-starter-actuator\2
Launcher Type: SUN_STANDARD

Environment Variables:
JAVA_HOME=C:\Program Files\Java\jdk1.8.0_211
PATH=C:\oracle\product\10.2.0\db_1\bin;C:\Program Files (x86)\Common Files\Oracle\Java\javapath;C:\WINDOWS\system32;C:\WINDOWS;C:\WINDOWS\System32\Wbem;C:\WINDOWS\System32\WindowsPowerShell\v1.0\;C:\WINDOWS\System32\OpenSSH\;C:\Program Files\dotnet\;C:\Program Files\Git\cmd;C:\Program Files\Git\mingw64\bin;C:\Program Files\Git\usr\bin;C:\Program Files\Microsoft SQL Server\130\Tools\Binn\;%MAVEN_HOME%\bin;C:\Program Files\Microsoft SQL Server\Client SDK\ODBC\110\Tools\Binn\;C:\Program Files (x86)\Microsoft SQL Server\120\Tools\Binn\ManagementStudio\;C:\Program Files (x86)\Microsoft SQL Server\120\Tools\Binn\;C:\Program Files\Microsoft SQL Server\120\Tools\Binn\;C:\Program Files (x86)\Microsoft SQL Server\120\DTS\Binn\;C:\Program Files\Microsoft SQL Server\120\DTS\Binn\;C:\Program Files\VisualSVN Server\bin;C:\composer;C:\Junior\Mes_Logiciels\wamp\php-7.3.10-Win32-VC15-x86;C:\Program Files\PuTTY\;C:\Program Files\nodejs\;C:\Users\DELL\AppData\Local\Programs\Python\Python35\Scripts\;C:\Users\DELL\AppData\Local\Programs\Python\Python35\;C:\Users\DELL\AppData\Local\Microsoft\WindowsApps;C:\Program Files\JetBrains\PyCharm 2018.3.5\bin;;C:\Junior\Intégration\apache-maven-3.6.1-bin\apache-maven-3.6.1\bin;;C:\Program Files\JetBrains\WebStorm 2018.3.1\bin;;C:\Users\DELL\AppData\Roaming\Composer\vendor\bin;C:\Users\DELL\AppData\Local\Programs\Microsoft VS Code\bin;C:\Users\DELL\AppData\Roaming\npm
USERNAME=DELL
OS=Windows_NT
PROCESSOR_IDENTIFIER=Intel64 Family 6 Model 142 Stepping 10, GenuineIntel



---------------  S Y S T E M  ---------------

OS: Windows 10.0 , 64 bit Build 17763 (10.0.17763.475)

CPU:total 8 (initial active 8) (4 cores per cpu, 2 threads per core) family 6 model 142 stepping 10, cmov, cx8, fxsr, mmx, sse, sse2, sse3, ssse3, sse4.1, sse4.2, popcnt, avx, avx2, aes, clmul, erms, rtm, 3dnowpref, lzcnt, ht, tsc, tscinvbit, bmi1, bmi2, adx

Memory: 4k page, physical 8246232k(467388k free), swap 33412056k(148k free)

vm_info: Java HotSpot(TM) 64-Bit Server VM (25.211-b12) for windows-amd64 JRE (1.8.0_211-b12), built on Apr  1 2019 20:53:26 by "java_re" with MS VC++ 10.0 (VS2010)

time: Thu Jan 23 20:56:40 2020
timezone: Greenwich
elapsed time: 37 seconds (0d 0h 0m 37s)

